0 info it worked if it ends with ok
1 verbose cli [ '/usr/local/Cellar/node/7.2.1/bin/node',
1 verbose cli   '/usr/local/bin/npm',
1 verbose cli   'run',
1 verbose cli   'test' ]
2 info using npm@3.10.9
3 info using node@v7.2.1
4 verbose run-script [ 'pretest', 'test', 'posttest' ]
5 info lifecycle fresco-web@0.0.0~pretest: fresco-web@0.0.0
6 silly lifecycle fresco-web@0.0.0~pretest: no script for pretest, continuing
7 info lifecycle fresco-web@0.0.0~test: fresco-web@0.0.0
8 verbose lifecycle fresco-web@0.0.0~test: unsafe-perm in lifecycle true
9 verbose lifecycle fresco-web@0.0.0~test: PATH: /usr/local/lib/node_modules/npm/bin/node-gyp-bin:/Users/runtao/Desktop/fresco_web/node_modules/.bin:/usr/local/Cellar/node/7.2.1/bin:/Applications/google-cloud-sdk/bin:/Users/runtao/.rvm/gems/ruby-2.3.1/bin:/Users/runtao/.rvm/gems/ruby-2.3.1@global/bin:/Users/runtao/.rvm/rubies/ruby-2.3.1/bin:/Applications/Postgres.app/Contents/Versions/latest/bin:/usr/local/bin:/usr/bin:/bin:/usr/sbin:/sbin:/Users/runtao/.rvm/bin
10 verbose lifecycle fresco-web@0.0.0~test: CWD: /Users/runtao/Desktop/fresco_web
11 silly lifecycle fresco-web@0.0.0~test: Args: [ '-c',
11 silly lifecycle   'NODE_PATH=\'./:./lib\' mocha --compilers js:babel-core/register --require ./test/setup.js --require ignore-styles "test/**/*@(.js)"' ]
12 silly lifecycle fresco-web@0.0.0~test: Returned: code: 1  signal: null
13 info lifecycle fresco-web@0.0.0~test: Failed to exec test script
14 verbose stack Error: fresco-web@0.0.0 test: `NODE_PATH='./:./lib' mocha --compilers js:babel-core/register --require ./test/setup.js --require ignore-styles "test/**/*@(.js)"`
14 verbose stack Exit status 1
14 verbose stack     at EventEmitter.<anonymous> (/usr/local/lib/node_modules/npm/lib/utils/lifecycle.js:255:16)
14 verbose stack     at emitTwo (events.js:106:13)
14 verbose stack     at EventEmitter.emit (events.js:191:7)
14 verbose stack     at ChildProcess.<anonymous> (/usr/local/lib/node_modules/npm/lib/utils/spawn.js:40:14)
14 verbose stack     at emitTwo (events.js:106:13)
14 verbose stack     at ChildProcess.emit (events.js:191:7)
14 verbose stack     at maybeClose (internal/child_process.js:885:16)
14 verbose stack     at Process.ChildProcess._handle.onexit (internal/child_process.js:226:5)
15 verbose pkgid fresco-web@0.0.0
16 verbose cwd /Users/runtao/Desktop/fresco_web
17 error Darwin 16.0.0
18 error argv "/usr/local/Cellar/node/7.2.1/bin/node" "/usr/local/bin/npm" "run" "test"
19 error node v7.2.1
20 error npm  v3.10.9
21 error code ELIFECYCLE
22 error fresco-web@0.0.0 test: `NODE_PATH='./:./lib' mocha --compilers js:babel-core/register --require ./test/setup.js --require ignore-styles "test/**/*@(.js)"`
22 error Exit status 1
23 error Failed at the fresco-web@0.0.0 test script 'NODE_PATH='./:./lib' mocha --compilers js:babel-core/register --require ./test/setup.js --require ignore-styles "test/**/*@(.js)"'.
23 error Make sure you have the latest version of node.js and npm installed.
23 error If you do, this is most likely a problem with the fresco-web package,
23 error not with npm itself.
23 error Tell the author that this fails on your system:
23 error     NODE_PATH='./:./lib' mocha --compilers js:babel-core/register --require ./test/setup.js --require ignore-styles "test/**/*@(.js)"
23 error You can get information on how to open an issue for this project with:
23 error     npm bugs fresco-web
23 error Or if that isn't available, you can get their info via:
23 error     npm owner ls fresco-web
23 error There is likely additional logging output above.
24 verbose exit [ 1, true ]
